# JRE version: OpenJDK Runtime Environment (8.0_112-b06) (build 1.8.0_112-release-b06)
# Java VM: OpenJDK 64-Bit Server VM (25.112-b06 mixed mode bsd-amd64 compressed oops)
Heap:
 PSYoungGen      total 485376K, used 93280K [0x00000007a0000000, 0x00000007c0000000, 0x00000007c0000000)
  eden space 451584K, 20% used [0x00000007a0000000,0x00000007a5b18330,0x00000007bb900000)
  from space 33792K, 0% used [0x00000007bb900000,0x00000007bb900000,0x00000007bda00000)
  to   space 38912K, 0% used [0x00000007bda00000,0x00000007bda00000,0x00000007c0000000)
 ParOldGen       total 206848K, used 108503K [0x0000000760000000, 0x000000076ca00000, 0x00000007a0000000)
  object space 206848K, 52% used [0x0000000760000000,0x00000007669f5fe0,0x000000076ca00000)
 Metaspace       used 78392K, capacity 80764K, committed 81152K, reserved 1120256K
  class space    used 9587K, capacity 10093K, committed 10240K, reserved 1048576K
GC Heap History (10 events):
Event: 65.717 GC heap before
{Heap before GC invocations=17 (full 3):
 PSYoungGen      total 429056K, used 428598K [0x00000007a0000000, 0x00000007c0000000, 0x00000007c0000000)
  eden space 402944K, 99% used [0x00000007a0000000,0x00000007b8912920,0x00000007b8980000)
  from space 26112K, 99% used [0x00000007b8980000,0x00000007ba2fb0a0,0x00000007ba300000)
  to   space 37888K, 0% used [0x00000007bdb00000,0x00000007bdb00000,0x00000007c0000000)
 ParOldGen       total 113152K, used 59598K [0x0000000760000000, 0x0000000766e80000, 0x00000007a0000000)
  object space 113152K, 52% used [0x0000000760000000,0x0000000763a33ad0,0x0000000766e80000)
 Metaspace       used 74226K, capacity 76508K, committed 76544K, reserved 1116160K
  class space    used 9240K, capacity 9705K, committed 9728K, reserved 1048576K
Event: 65.777 GC heap after
Heap after GC invocations=17 (full 3):
 PSYoungGen      total 488448K, used 12389K [0x00000007a0000000, 0x00000007c0000000, 0x00000007c0000000)
  eden space 450560K, 0% used [0x00000007a0000000,0x00000007a0000000,0x00000007bb800000)
  from space 37888K, 32% used [0x00000007bdb00000,0x00000007be7197e8,0x00000007c0000000)
  to   space 35840K, 0% used [0x00000007bb800000,0x00000007bb800000,0x00000007bdb00000)
 ParOldGen       total 113152K, used 75566K [0x0000000760000000, 0x0000000766e80000, 0x00000007a0000000)
  object space 113152K, 66% used [0x0000000760000000,0x00000007649cba38,0x0000000766e80000)
 Metaspace       used 74226K, capacity 76508K, committed 76544K, reserved 1116160K
  class space    used 9240K, capacity 9705K, committed 9728K, reserved 1048576K
}
Event: 65.921 GC heap before
{Heap before GC invocations=18 (full 3):
 PSYoungGen      total 488448K, used 462640K [0x00000007a0000000, 0x00000007c0000000, 0x00000007c0000000)
  eden space 450560K, 99% used [0x00000007a0000000,0x00000007bb7b28f0,0x00000007bb800000)
  from space 37888K, 32% used [0x00000007bdb00000,0x00000007be7197e8,0x00000007c0000000)
  to   space 35840K, 0% used [0x00000007bb800000,0x00000007bb800000,0x00000007bdb00000)
 ParOldGen       total 113152K, used 75566K [0x0000000760000000, 0x0000000766e80000, 0x00000007a0000000)
  object space 113152K, 66% used [0x0000000760000000,0x00000007649cba38,0x0000000766e80000)
 Metaspace       used 74240K, capacity 76508K, committed 76544K, reserved 1116160K
  class space    used 9240K, capacity 9705K, committed 9728K, reserved 1048576K
Event: 65.939 GC heap after
Heap after GC invocations=18 (full 3):
 PSYoungGen      total 458752K, used 8056K [0x00000007a0000000, 0x00000007bfc00000, 0x00000007c0000000)
  eden space 450560K, 0% used [0x00000007a0000000,0x00000007a0000000,0x00000007bb800000)
  from space 8192K, 98% used [0x00000007bb800000,0x00000007bbfde018,0x00000007bc000000)
  to   space 34816K, 0% used [0x00000007bda00000,0x00000007bda00000,0x00000007bfc00000)
 ParOldGen       total 113152K, used 75574K [0x0000000760000000, 0x0000000766e80000, 0x00000007a0000000)
  object space 113152K, 66% used [0x0000000760000000,0x00000007649cda38,0x0000000766e80000)
 Metaspace       used 74240K, capacity 76508K, committed 76544K, reserved 1116160K
  class space    used 9240K, capacity 9705K, committed 9728K, reserved 1048576K
}
Event: 78.912 GC heap before
{Heap before GC invocations=19 (full 3):
 PSYoungGen      total 458752K, used 458616K [0x00000007a0000000, 0x00000007bfc00000, 0x00000007c0000000)
  eden space 450560K, 100% used [0x00000007a0000000,0x00000007bb800000,0x00000007bb800000)
  from space 8192K, 98% used [0x00000007bb800000,0x00000007bbfde018,0x00000007bc000000)
  to   space 34816K, 0% used [0x00000007bda00000,0x00000007bda00000,0x00000007bfc00000)
 ParOldGen       total 113152K, used 75574K [0x0000000760000000, 0x0000000766e80000, 0x00000007a0000000)
  object space 113152K, 66% used [0x0000000760000000,0x00000007649cda38,0x0000000766e80000)
 Metaspace       used 77814K, capacity 80286K, committed 80640K, reserved 1120256K
  class space    used 9585K, capacity 10109K, committed 10240K, reserved 1048576K
Event: 78.977 GC heap after
Heap after GC invocations=19 (full 3):
 PSYoungGen      total 486400K, used 16821K [0x00000007a0000000, 0x00000007c0000000, 0x00000007c0000000)
  eden space 451584K, 0% used [0x00000007a0000000,0x00000007a0000000,0x00000007bb900000)
  from space 34816K, 48% used [0x00000007bda00000,0x00000007bea6d5e8,0x00000007bfc00000)
  to   space 33792K, 0% used [0x00000007bb900000,0x00000007bb900000,0x00000007bda00000)
 ParOldGen       total 113152K, used 82604K [0x0000000760000000, 0x0000000766e80000, 0x00000007a0000000)
  object space 113152K, 73% used [0x0000000760000000,0x00000007650ab348,0x0000000766e80000)
 Metaspace       used 77814K, capacity 80286K, committed 80640K, reserved 1120256K
  class space    used 9585K, capacity 10109K, committed 10240K, reserved 1048576K
}
Event: 85.814 GC heap before
{Heap before GC invocations=20 (full 3):
 PSYoungGen      total 486400K, used 468405K [0x00000007a0000000, 0x00000007c0000000, 0x00000007c0000000)
  eden space 451584K, 100% used [0x00000007a0000000,0x00000007bb900000,0x00000007bb900000)
  from space 34816K, 48% used [0x00000007bda00000,0x00000007bea6d5e8,0x00000007bfc00000)
  to   space 33792K, 0% used [0x00000007bb900000,0x00000007bb900000,0x00000007bda00000)
 ParOldGen       total 113152K, used 82604K [0x0000000760000000, 0x0000000766e80000, 0x00000007a0000000)
  object space 113152K, 73% used [0x0000000760000000,0x00000007650ab348,0x0000000766e80000)
 Metaspace       used 78429K, capacity 80862K, committed 81152K, reserved 1120256K
  class space    used 9596K, capacity 10109K, committed 10240K, reserved 1048576K
Event: 85.935 GC heap after
Heap after GC invocations=20 (full 3):
 PSYoungGen      total 485376K, used 33779K [0x00000007a0000000, 0x00000007c0000000, 0x00000007c0000000)
  eden space 451584K, 0% used [0x00000007a0000000,0x00000007a0000000,0x00000007bb900000)
  from space 33792K, 99% used [0x00000007bb900000,0x00000007bd9fcfd8,0x00000007bda00000)
  to   space 38912K, 0% used [0x00000007bda00000,0x00000007bda00000,0x00000007c0000000)
 ParOldGen       total 113152K, used 99585K [0x0000000760000000, 0x0000000766e80000, 0x00000007a0000000)
  object space 113152K, 88% used [0x0000000760000000,0x00000007661406b0,0x0000000766e80000)
 Metaspace       used 78429K, capacity 80862K, committed 81152K, reserved 1120256K
  class space    used 9596K, capacity 10109K, committed 10240K, reserved 1048576K
}
Event: 85.935 GC heap before
{Heap before GC invocations=21 (full 4):
 PSYoungGen      total 485376K, used 33779K [0x00000007a0000000, 0x00000007c0000000, 0x00000007c0000000)
  eden space 451584K, 0% used [0x00000007a0000000,0x00000007a0000000,0x00000007bb900000)
  from space 33792K, 99% used [0x00000007bb900000,0x00000007bd9fcfd8,0x00000007bda00000)
  to   space 38912K, 0% used [0x00000007bda00000,0x00000007bda00000,0x00000007c0000000)
 ParOldGen       total 113152K, used 99585K [0x0000000760000000, 0x0000000766e80000, 0x00000007a0000000)
  object space 113152K, 88% used [0x0000000760000000,0x00000007661406b0,0x0000000766e80000)
 Metaspace       used 78429K, capacity 80862K, committed 81152K, reserved 1120256K
  class space    used 9596K, capacity 10109K, committed 10240K, reserved 1048576K
Event: 86.797 GC heap after
Heap after GC invocations=21 (full 4):
 PSYoungGen      total 485376K, used 0K [0x00000007a0000000, 0x00000007c0000000, 0x00000007c0000000)
  eden space 451584K, 0% used [0x00000007a0000000,0x00000007a0000000,0x00000007bb900000)
  from space 33792K, 0% used [0x00000007bb900000,0x00000007bb900000,0x00000007bda00000)
  to   space 38912K, 0% used [0x00000007bda00000,0x00000007bda00000,0x00000007c0000000)
 ParOldGen       total 206848K, used 108503K [0x0000000760000000, 0x000000076ca00000, 0x00000007a0000000)
  object space 206848K, 52% used [0x0000000760000000,0x00000007669f5fe0,0x000000076ca00000)
 Metaspace       used 78392K, capacity 80764K, committed 81152K, reserved 1120256K
  class space    used 9587K, capacity 10093K, committed 10240K, reserved 1048576K
}

